app/build/intermediates/manifest_merge_blame_file/debug/manifest-merger-blame-debug-report.txt
1<?xml version="1.0" encoding="utf-8"?>
2<manifest xmlns:android="http://schemas.android.com/apk/res/android"
3    package="app.swiftbills"
4    android:versionCode="1"
5    android:versionName="1.0" >
6
7    <uses-sdk
8        android:minSdkVersion="21"
8-->src/main/AndroidManifest.xml
9        android:targetSdkVersion="33" />
9-->src/main/AndroidManifest.xml
10
11    <!-- Although the *SdkVersion is captured in gradle build files, this is required for non gradle builds -->
12    <!-- <uses-sdk android:minSdkVersion="14" /> -->
13    <uses-permission android:name="android.permission.ACCESS_NETWORK_STATE" />
13-->[com.google.firebase:firebase-firestore:24.2.2] AndroidManifest.xml:13:5-79
13-->[com.google.firebase:firebase-firestore:24.2.2] AndroidManifest.xml:13:22-76
14    <uses-permission android:name="android.permission.INTERNET" />
14-->[com.google.firebase:firebase-firestore:24.2.2] AndroidManifest.xml:14:5-67
14-->[com.google.firebase:firebase-firestore:24.2.2] AndroidManifest.xml:14:22-64
15
16    <application
16-->src/main/AndroidManifest.xml:6:5-29:19
17        android:name="app.swiftbills.SwiftBills"
17-->src/main/AndroidManifest.xml:7:9-35
18        android:allowBackup="true"
18-->src/main/AndroidManifest.xml:8:9-35
19        android:appComponentFactory="androidx.core.app.CoreComponentFactory"
19-->[androidx.core:core:1.8.0] AndroidManifest.xml:24:18-86
20        android:dataExtractionRules="@xml/data_extraction_rules"
20-->src/main/AndroidManifest.xml:9:9-65
21        android:debuggable="true"
22        android:fullBackupContent="@xml/backup_rules"
22-->src/main/AndroidManifest.xml:10:9-54
23        android:icon="@mipmap/ic_launcher"
23-->src/main/AndroidManifest.xml:11:9-43
24        android:label="@string/app_name"
24-->src/main/AndroidManifest.xml:12:9-41
25        android:roundIcon="@mipmap/ic_launcher_round"
25-->src/main/AndroidManifest.xml:13:9-54
26        android:supportsRtl="true"
26-->src/main/AndroidManifest.xml:14:9-35
27        android:testOnly="true"
28        android:theme="@style/Theme.FirebaseAuth"
28-->src/main/AndroidManifest.xml:15:9-50
29        android:windowSoftInputMode="adjustResize" >
29-->src/main/AndroidManifest.xml:16:9-51
30        <activity
30-->src/main/AndroidManifest.xml:18:9-26:20
31            android:name="app.swiftbills.ui.auth.AuthActivity"
31-->src/main/AndroidManifest.xml:19:13-49
32            android:exported="true" >
32-->src/main/AndroidManifest.xml:20:13-36
33            <intent-filter>
33-->src/main/AndroidManifest.xml:21:13-25:29
34                <action android:name="android.intent.action.MAIN" />
34-->src/main/AndroidManifest.xml:22:17-69
34-->src/main/AndroidManifest.xml:22:25-66
35
36                <category android:name="android.intent.category.LAUNCHER" />
36-->src/main/AndroidManifest.xml:24:17-77
36-->src/main/AndroidManifest.xml:24:27-74
37            </intent-filter>
38        </activity>
39        <activity android:name="app.swiftbills.ui.auth.home.HomeActivity" />
39-->src/main/AndroidManifest.xml:28:9-63
39-->src/main/AndroidManifest.xml:28:19-60
40        <activity
40-->[androidx.compose.ui:ui-tooling:1.2.1] AndroidManifest.xml:24:9-26:39
41            android:name="androidx.compose.ui.tooling.PreviewActivity"
41-->[androidx.compose.ui:ui-tooling:1.2.1] AndroidManifest.xml:25:13-71
42            android:exported="true" />
42-->[androidx.compose.ui:ui-tooling:1.2.1] AndroidManifest.xml:26:13-36
43
44        <service
44-->[com.google.firebase:firebase-firestore:24.2.2] AndroidManifest.xml:17:9-23:19
45            android:name="com.google.firebase.components.ComponentDiscoveryService"
45-->[com.google.firebase:firebase-firestore:24.2.2] AndroidManifest.xml:18:13-84
46            android:directBootAware="true"
46-->[com.google.firebase:firebase-common:20.1.1] AndroidManifest.xml:35:13-43
47            android:exported="false" >
47-->[com.google.firebase:firebase-firestore:24.2.2] AndroidManifest.xml:19:13-37
48            <meta-data
48-->[com.google.firebase:firebase-firestore:24.2.2] AndroidManifest.xml:20:13-22:85
49                android:name="com.google.firebase.components:com.google.firebase.firestore.FirestoreRegistrar"
49-->[com.google.firebase:firebase-firestore:24.2.2] AndroidManifest.xml:21:17-111
50                android:value="com.google.firebase.components.ComponentRegistrar" />
50-->[com.google.firebase:firebase-firestore:24.2.2] AndroidManifest.xml:22:17-82
51            <meta-data
51-->[com.google.firebase:firebase-auth-ktx:21.0.6] AndroidManifest.xml:11:13-13:85
52                android:name="com.google.firebase.components:com.google.firebase.auth.ktx.FirebaseAuthKtxRegistrar"
52-->[com.google.firebase:firebase-auth-ktx:21.0.6] AndroidManifest.xml:12:17-116
53                android:value="com.google.firebase.components.ComponentRegistrar" />
53-->[com.google.firebase:firebase-auth-ktx:21.0.6] AndroidManifest.xml:13:17-82
54            <meta-data
54-->[com.google.firebase:firebase-auth:21.0.6] AndroidManifest.xml:67:13-69:85
55                android:name="com.google.firebase.components:com.google.firebase.auth.FirebaseAuthRegistrar"
55-->[com.google.firebase:firebase-auth:21.0.6] AndroidManifest.xml:68:17-109
56                android:value="com.google.firebase.components.ComponentRegistrar" />
56-->[com.google.firebase:firebase-auth:21.0.6] AndroidManifest.xml:69:17-82
57            <meta-data
57-->[com.google.firebase:firebase-common-ktx:20.1.1] AndroidManifest.xml:15:13-17:85
58                android:name="com.google.firebase.components:com.google.firebase.ktx.FirebaseCommonKtxRegistrar"
58-->[com.google.firebase:firebase-common-ktx:20.1.1] AndroidManifest.xml:16:17-113
59                android:value="com.google.firebase.components.ComponentRegistrar" />
59-->[com.google.firebase:firebase-common-ktx:20.1.1] AndroidManifest.xml:17:17-82
60        </service>
61
62        <activity
62-->[com.google.firebase:firebase-auth:21.0.6] AndroidManifest.xml:27:9-44:20
63            android:name="com.google.firebase.auth.internal.GenericIdpActivity"
63-->[com.google.firebase:firebase-auth:21.0.6] AndroidManifest.xml:28:13-80
64            android:excludeFromRecents="true"
64-->[com.google.firebase:firebase-auth:21.0.6] AndroidManifest.xml:29:13-46
65            android:exported="true"
65-->[com.google.firebase:firebase-auth:21.0.6] AndroidManifest.xml:30:13-36
66            android:launchMode="singleTask"
66-->[com.google.firebase:firebase-auth:21.0.6] AndroidManifest.xml:31:13-44
67            android:theme="@android:style/Theme.Translucent.NoTitleBar" >
67-->[com.google.firebase:firebase-auth:21.0.6] AndroidManifest.xml:32:13-72
68            <intent-filter>
68-->[com.google.firebase:firebase-auth:21.0.6] AndroidManifest.xml:33:13-43:29
69                <action android:name="android.intent.action.VIEW" />
69-->[com.google.firebase:firebase-auth:21.0.6] AndroidManifest.xml:34:17-69
69-->[com.google.firebase:firebase-auth:21.0.6] AndroidManifest.xml:34:25-66
70
71                <category android:name="android.intent.category.DEFAULT" />
71-->[com.google.firebase:firebase-auth:21.0.6] AndroidManifest.xml:36:17-76
71-->[com.google.firebase:firebase-auth:21.0.6] AndroidManifest.xml:36:27-73
72                <category android:name="android.intent.category.BROWSABLE" />
72-->[com.google.firebase:firebase-auth:21.0.6] AndroidManifest.xml:37:17-78
72-->[com.google.firebase:firebase-auth:21.0.6] AndroidManifest.xml:37:27-75
73
74                <data
74-->[com.google.firebase:firebase-auth:21.0.6] AndroidManifest.xml:39:17-42:51
75                    android:host="firebase.auth"
75-->[com.google.firebase:firebase-auth:21.0.6] AndroidManifest.xml:40:21-49
76                    android:path="/"
76-->[com.google.firebase:firebase-auth:21.0.6] AndroidManifest.xml:41:21-37
77                    android:scheme="genericidp" />
77-->[com.google.firebase:firebase-auth:21.0.6] AndroidManifest.xml:42:21-48
78            </intent-filter>
79        </activity>
80        <activity
80-->[com.google.firebase:firebase-auth:21.0.6] AndroidManifest.xml:45:9-62:20
81            android:name="com.google.firebase.auth.internal.RecaptchaActivity"
81-->[com.google.firebase:firebase-auth:21.0.6] AndroidManifest.xml:46:13-79
82            android:excludeFromRecents="true"
82-->[com.google.firebase:firebase-auth:21.0.6] AndroidManifest.xml:47:13-46
83            android:exported="true"
83-->[com.google.firebase:firebase-auth:21.0.6] AndroidManifest.xml:48:13-36
84            android:launchMode="singleTask"
84-->[com.google.firebase:firebase-auth:21.0.6] AndroidManifest.xml:49:13-44
85            android:theme="@android:style/Theme.Translucent.NoTitleBar" >
85-->[com.google.firebase:firebase-auth:21.0.6] AndroidManifest.xml:50:13-72
86            <intent-filter>
86-->[com.google.firebase:firebase-auth:21.0.6] AndroidManifest.xml:51:13-61:29
87                <action android:name="android.intent.action.VIEW" />
87-->[com.google.firebase:firebase-auth:21.0.6] AndroidManifest.xml:34:17-69
87-->[com.google.firebase:firebase-auth:21.0.6] AndroidManifest.xml:34:25-66
88
89                <category android:name="android.intent.category.DEFAULT" />
89-->[com.google.firebase:firebase-auth:21.0.6] AndroidManifest.xml:36:17-76
89-->[com.google.firebase:firebase-auth:21.0.6] AndroidManifest.xml:36:27-73
90                <category android:name="android.intent.category.BROWSABLE" />
90-->[com.google.firebase:firebase-auth:21.0.6] AndroidManifest.xml:37:17-78
90-->[com.google.firebase:firebase-auth:21.0.6] AndroidManifest.xml:37:27-75
91
92                <data
92-->[com.google.firebase:firebase-auth:21.0.6] AndroidManifest.xml:39:17-42:51
93                    android:host="firebase.auth"
93-->[com.google.firebase:firebase-auth:21.0.6] AndroidManifest.xml:40:21-49
94                    android:path="/"
94-->[com.google.firebase:firebase-auth:21.0.6] AndroidManifest.xml:41:21-37
95                    android:scheme="recaptcha" />
95-->[com.google.firebase:firebase-auth:21.0.6] AndroidManifest.xml:42:21-48
96            </intent-filter>
97        </activity>
98        <activity
98-->[com.google.android.gms:play-services-base:18.0.1] AndroidManifest.xml:20:9-22:45
99            android:name="com.google.android.gms.common.api.GoogleApiActivity"
99-->[com.google.android.gms:play-services-base:18.0.1] AndroidManifest.xml:20:19-85
100            android:exported="false"
100-->[com.google.android.gms:play-services-base:18.0.1] AndroidManifest.xml:22:19-43
101            android:theme="@android:style/Theme.Translucent.NoTitleBar" />
101-->[com.google.android.gms:play-services-base:18.0.1] AndroidManifest.xml:21:19-78
102
103        <provider
103-->[com.google.firebase:firebase-common:20.1.1] AndroidManifest.xml:26:9-31:39
104            android:name="com.google.firebase.provider.FirebaseInitProvider"
104-->[com.google.firebase:firebase-common:20.1.1] AndroidManifest.xml:27:13-77
105            android:authorities="app.swiftbills.firebaseinitprovider"
105-->[com.google.firebase:firebase-common:20.1.1] AndroidManifest.xml:28:13-72
106            android:directBootAware="true"
106-->[com.google.firebase:firebase-common:20.1.1] AndroidManifest.xml:29:13-43
107            android:exported="false"
107-->[com.google.firebase:firebase-common:20.1.1] AndroidManifest.xml:30:13-37
108            android:initOrder="100" />
108-->[com.google.firebase:firebase-common:20.1.1] AndroidManifest.xml:31:13-36
109
110        <meta-data
110-->[com.google.android.gms:play-services-basement:18.0.0] AndroidManifest.xml:21:9-23:69
111            android:name="com.google.android.gms.version"
111-->[com.google.android.gms:play-services-basement:18.0.0] AndroidManifest.xml:22:13-58
112            android:value="@integer/google_play_services_version" />
112-->[com.google.android.gms:play-services-basement:18.0.0] AndroidManifest.xml:23:13-66
113
114        <provider
114-->[androidx.emoji2:emoji2:1.0.0] AndroidManifest.xml:26:9-34:20
115            android:name="androidx.startup.InitializationProvider"
115-->[androidx.emoji2:emoji2:1.0.0] AndroidManifest.xml:27:13-67
116            android:authorities="app.swiftbills.androidx-startup"
116-->[androidx.emoji2:emoji2:1.0.0] AndroidManifest.xml:28:13-68
117            android:exported="false" >
117-->[androidx.emoji2:emoji2:1.0.0] AndroidManifest.xml:29:13-37
118            <meta-data
118-->[androidx.emoji2:emoji2:1.0.0] AndroidManifest.xml:31:13-33:52
119                android:name="androidx.emoji2.text.EmojiCompatInitializer"
119-->[androidx.emoji2:emoji2:1.0.0] AndroidManifest.xml:32:17-75
120                android:value="androidx.startup" />
120-->[androidx.emoji2:emoji2:1.0.0] AndroidManifest.xml:33:17-49
121            <meta-data
121-->[androidx.lifecycle:lifecycle-process:2.4.0] AndroidManifest.xml:31:13-33:52
122                android:name="androidx.lifecycle.ProcessLifecycleInitializer"
122-->[androidx.lifecycle:lifecycle-process:2.4.0] AndroidManifest.xml:32:17-78
123                android:value="androidx.startup" />
123-->[androidx.lifecycle:lifecycle-process:2.4.0] AndroidManifest.xml:33:17-49
124            <meta-data
124-->[androidx.profileinstaller:profileinstaller:1.2.0] AndroidManifest.xml:30:13-32:52
125                android:name="androidx.profileinstaller.ProfileInstallerInitializer"
125-->[androidx.profileinstaller:profileinstaller:1.2.0] AndroidManifest.xml:31:17-85
126                android:value="androidx.startup" />
126-->[androidx.profileinstaller:profileinstaller:1.2.0] AndroidManifest.xml:32:17-49
127        </provider>
128
129        <receiver
129-->[androidx.profileinstaller:profileinstaller:1.2.0] AndroidManifest.xml:35:9-47:20
130            android:name="androidx.profileinstaller.ProfileInstallReceiver"
130-->[androidx.profileinstaller:profileinstaller:1.2.0] AndroidManifest.xml:36:13-76
131            android:directBootAware="false"
131-->[androidx.profileinstaller:profileinstaller:1.2.0] AndroidManifest.xml:37:13-44
132            android:enabled="true"
132-->[androidx.profileinstaller:profileinstaller:1.2.0] AndroidManifest.xml:38:13-35
133            android:exported="true"
133-->[androidx.profileinstaller:profileinstaller:1.2.0] AndroidManifest.xml:39:13-36
134            android:permission="android.permission.DUMP" >
134-->[androidx.profileinstaller:profileinstaller:1.2.0] AndroidManifest.xml:40:13-57
135            <intent-filter>
135-->[androidx.profileinstaller:profileinstaller:1.2.0] AndroidManifest.xml:41:13-43:29
136                <action android:name="androidx.profileinstaller.action.INSTALL_PROFILE" />
136-->[androidx.profileinstaller:profileinstaller:1.2.0] AndroidManifest.xml:42:17-91
136-->[androidx.profileinstaller:profileinstaller:1.2.0] AndroidManifest.xml:42:25-88
137            </intent-filter>
138            <intent-filter>
138-->[androidx.profileinstaller:profileinstaller:1.2.0] AndroidManifest.xml:44:13-46:29
139                <action android:name="androidx.profileinstaller.action.SKIP_FILE" />
139-->[androidx.profileinstaller:profileinstaller:1.2.0] AndroidManifest.xml:45:17-85
139-->[androidx.profileinstaller:profileinstaller:1.2.0] AndroidManifest.xml:45:25-82
140            </intent-filter>
141        </receiver>
142    </application>
143
144</manifest>